<?xml version="1.0" encoding="utf-8"?><testsuites name="pytest tests"><testsuite name="pytest" errors="0" failures="0" skipped="0" tests="4" time="0.702" timestamp="2026-08-23T04:51:36.115818+00:00" hostname="agent-env-f528beb1-4515-44fe-b3cb-a0aac7feb83b"><testcase classname="backend.tests.test_regression_iter6.TestHealth" name="test_root" time="0.301" /><testcase classname="backend.tests.test_regression_iter6.TestHealth" name="test_health" time="0.053" /><testcase classname="backend.tests.test_regression_iter6.TestAutoDeactivate" name="test_scheduled_response" time="0.046" /><testcase classname="backend.tests.test_regression_iter6.TestEmailSubscriptions" name="test_set_and_get" time="0.117" /></testsuite></testsuites>