<?xml version="1.0" encoding="utf-8"?><testsuites name="pytest tests"><testsuite name="pytest" errors="0" failures="0" skipped="0" tests="10" time="5.114" timestamp="2026-07-04T04:47:33.580718+00:00" hostname="agent-env-f528beb1-4515-44fe-b3cb-a0aac7feb83b"><testcase classname="backend.tests.test_regression_iter4.TestBackendSanity" name="test_root_ok" time="0.309" /><testcase classname="backend.tests.test_regression_iter4.TestBackendSanity" name="test_health_ok" time="0.048" /><testcase classname="backend.tests.test_regression_iter4.TestRegisterPush" name="test_role_field_accepted" time="0.100" /><testcase classname="backend.tests.test_regression_iter4.TestRegisterPush" name="test_missing_device_token_rejected" time="0.052" /><testcase classname="backend.tests.test_regression_iter4.TestEmailSubscriptions" name="test_post_then_get_weekly" time="0.099" /><testcase classname="backend.tests.test_regression_iter4.TestEmailSubscriptions" name="test_toggle_monthly" time="0.090" /><testcase classname="backend.tests.test_regression_iter4.TestEmailSubscriptions" name="test_get_nonexistent_returns_falsy_defaults" time="0.045" /><testcase classname="backend.tests.test_regression_iter4.TestEmailReport" name="test_missing_recipient_422" time="0.044" /><testcase classname="backend.tests.test_regression_iter4.TestEmailReport" name="test_unknown_kind_400" time="0.046" /><testcase classname="backend.tests.test_regression_iter4.TestAutoDeactivate" name="test_manual_trigger_scheduled" time="4.093" /></testsuite></testsuites>