<?xml version="1.0" encoding="utf-8"?><testsuites name="pytest tests"><testsuite name="pytest" errors="0" failures="0" skipped="0" tests="7" time="1.397" timestamp="2026-08-20T20:51:15.765140+00:00" hostname="agent-env-f528beb1-4515-44fe-b3cb-a0aac7feb83b"><testcase classname="backend.tests.test_regression_iter5.TestHealth" name="test_root" time="0.275" /><testcase classname="backend.tests.test_regression_iter5.TestHealth" name="test_health" time="0.087" /><testcase classname="backend.tests.test_regression_iter5.TestAutoDeactivate" name="test_scheduled_response" time="0.158" /><testcase classname="backend.tests.test_regression_iter5.TestEmailSubscriptions" name="test_set_and_get" time="0.164" /><testcase classname="backend.tests.test_regression_iter5.TestEmailSubscriptions" name="test_toggle_monthly" time="0.151" /><testcase classname="backend.tests.test_regression_iter5.TestRegisterPush" name="test_missing_device_token_422" time="0.086" /><testcase classname="backend.tests.test_regression_iter5.TestRegisterPush" name="test_accepts_role_field" time="0.291" /></testsuite></testsuites>