<?xml version="1.0" encoding="utf-8"?><testsuites name="pytest tests"><testsuite name="pytest" errors="0" failures="0" skipped="0" tests="4" time="0.635" timestamp="2026-08-23T05:23:53.219708+00:00" hostname="agent-env-f528beb1-4515-44fe-b3cb-a0aac7feb83b"><testcase classname="backend.tests.test_regression_iter8.TestHealth" name="test_root" time="0.366" /><testcase classname="backend.tests.test_regression_iter8.TestHealth" name="test_health" time="0.052" /><testcase classname="backend.tests.test_regression_iter8.TestAutoDeactivate" name="test_scheduled" time="0.050" /><testcase classname="backend.tests.test_regression_iter8.TestEmailSubscriptions" name="test_round_trip" time="0.101" /></testsuite></testsuites>