<?xml version="1.0" encoding="utf-8"?><testsuites name="pytest tests"><testsuite name="pytest" errors="0" failures="0" skipped="0" tests="4" time="0.521" timestamp="2026-08-23T05:11:20.276481+00:00" hostname="agent-env-f528beb1-4515-44fe-b3cb-a0aac7feb83b"><testcase classname="backend.tests.test_regression_iter7.TestHealth" name="test_root" time="0.282" /><testcase classname="backend.tests.test_regression_iter7.TestHealth" name="test_health" time="0.045" /><testcase classname="backend.tests.test_regression_iter7.TestAutoDeactivate" name="test_scheduled_response" time="0.042" /><testcase classname="backend.tests.test_regression_iter7.TestEmailSubscriptions" name="test_set_and_get" time="0.087" /></testsuite></testsuites>