<?xml version="1.0" encoding="utf-8"?><testsuites name="pytest tests"><testsuite name="pytest" errors="0" failures="0" skipped="0" tests="7" time="4.914" timestamp="2026-07-03T17:20:10.790421+00:00" hostname="agent-env-f528beb1-4515-44fe-b3cb-a0aac7feb83b"><testcase classname="backend.tests.test_regression_iter3.TestHealth" name="test_health_ok" time="0.171" /><testcase classname="backend.tests.test_regression_iter3.TestHealth" name="test_root_ok" time="0.050" /><testcase classname="backend.tests.test_regression_iter3.TestRegisterPush" name="test_role_field_accepted_by_pydantic" time="0.088" /><testcase classname="backend.tests.test_regression_iter3.TestRegisterPush" name="test_missing_required_field_rejected" time="0.048" /><testcase classname="backend.tests.test_regression_iter3.TestEmailSubscriptionsRoundTrip" name="test_post_weekly_true_and_get_back" time="0.096" /><testcase classname="backend.tests.test_regression_iter3.TestEmailSubscriptionsRoundTrip" name="test_toggle_monthly" time="0.128" /><testcase classname="backend.tests.test_regression_iter3.TestAutoDeactivate" name="test_run_auto_deactivate_scheduled" time="4.230" /></testsuite></testsuites>